[{"line":1,"elements":[{"start_timestamp":"2025-05-05T20:30:43.828Z","before":[{"result":{"error_message":"java.lang.RuntimeException: Falha ao iniciar o ChromeDriver. Verifique compatibilidade e instalação do navegador.\n\tat steps.Hook.InitializeTest(Hook.java:45)\nCaused by: org.openqa.selenium.SessionNotCreatedException: Could not start a new session. Possible causes are invalid address of the remote server or browser start-up failure. \nHost info: host: 'rasp2', ip: '192.168.0.220'\n\tat org.openqa.selenium.remote.RemoteWebDriver.execute(RemoteWebDriver.java:537)\n\tat org.openqa.selenium.remote.RemoteWebDriver.startSession(RemoteWebDriver.java:233)\n\tat org.openqa.selenium.remote.RemoteWebDriver.<init>(RemoteWebDriver.java:162)\n\tat org.openqa.selenium.chromium.ChromiumDriver.<init>(ChromiumDriver.java:114)\n\tat org.openqa.selenium.chrome.ChromeDriver.<init>(ChromeDriver.java:89)\n\tat org.openqa.selenium.chrome.ChromeDriver.<init>(ChromeDriver.java:84)\n\tat org.openqa.selenium.chrome.ChromeDriver.<init>(ChromeDriver.java:73)\n\tat steps.Hook.InitializeTest(Hook.java:42)\n\tat java.base/jdk.internal.reflect.NativeMethodAccessorImpl.invoke0(Native Method)\n\tat java.base/jdk.internal.reflect.NativeMethodAccessorImpl.invoke(NativeMethodAccessorImpl.java:77)\n\tat java.base/jdk.internal.reflect.DelegatingMethodAccessorImpl.invoke(DelegatingMethodAccessorImpl.java:43)\n\tat java.base/java.lang.reflect.Method.invoke(Method.java:569)\n\tat io.cucumber.java.Invoker.doInvoke(Invoker.java:66)\n\tat io.cucumber.java.Invoker.invoke(Invoker.java:24)\n\tat io.cucumber.java.AbstractGlueDefinition.invokeMethod(AbstractGlueDefinition.java:47)\n\tat io.cucumber.java.JavaHookDefinition.execute(JavaHookDefinition.java:64)\n\tat io.cucumber.core.runner.CoreHookDefinition.execute(CoreHookDefinition.java:46)\n\tat io.cucumber.core.runner.HookDefinitionMatch.runStep(HookDefinitionMatch.java:21)\n\tat io.cucumber.core.runner.ExecutionMode$1.execute(ExecutionMode.java:10)\n\tat io.cucumber.core.runner.TestStep.executeStep(TestStep.java:84)\n\tat io.cucumber.core.runner.TestStep.run(TestStep.java:56)\n\tat io.cucumber.core.runner.TestCase.run(TestCase.java:78)\n\tat io.cucumber.core.runner.Runner.runPickle(Runner.java:75)\n\tat io.cucumber.testng.TestNGCucumberRunner.lambda$runScenario$1(TestNGCucumberRunner.java:132)\n\tat io.cucumber.core.runtime.CucumberExecutionContext.lambda$runTestCase$5(CucumberExecutionContext.java:137)\n\tat io.cucumber.core.runtime.RethrowingThrowableCollector.executeAndThrow(RethrowingThrowableCollector.java:23)\n\tat io.cucumber.core.runtime.CucumberExecutionContext.runTestCase(CucumberExecutionContext.java:137)\n\tat io.cucumber.testng.TestNGCucumberRunner.runScenario(TestNGCucumberRunner.java:129)\n\tat io.cucumber.testng.AbstractTestNGCucumberTests.runScenario(AbstractTestNGCucumberTests.java:35)\n\tat java.base/jdk.internal.reflect.NativeMethodAccessorImpl.invoke0(Native Method)\n\tat java.base/jdk.internal.reflect.NativeMethodAccessorImpl.invoke(NativeMethodAccessorImpl.java:77)\n\tat java.base/jdk.internal.reflect.DelegatingMethodAccessorImpl.invoke(DelegatingMethodAccessorImpl.java:43)\n\tat java.base/java.lang.reflect.Method.invoke(Method.java:569)\n\tat org.testng.internal.invokers.MethodInvocationHelper.invokeMethod(MethodInvocationHelper.java:139)\n\tat org.testng.internal.invokers.TestInvoker.invokeMethod(TestInvoker.java:664)\n\tat org.testng.internal.invokers.TestInvoker.invokeTestMethod(TestInvoker.java:227)\n\tat org.testng.internal.invokers.MethodRunner.runInSequence(MethodRunner.java:50)\n\tat org.testng.internal.invokers.TestInvoker$MethodInvocationAgent.invoke(TestInvoker.java:957)\n\tat org.testng.internal.invokers.TestInvoker.invokeTestMethods(TestInvoker.java:200)\n\tat org.testng.internal.invokers.TestMethodWorker.invokeTestMethods(TestMethodWorker.java:148)\n\tat org.testng.internal.invokers.TestMethodWorker.run(TestMethodWorker.java:128)\n\tat java.base/java.util.ArrayList.forEach(ArrayList.java:1511)\n\tat org.testng.TestRunner.privateRun(TestRunner.java:848)\n\tat org.testng.TestRunner.run(TestRunner.java:621)\n\tat org.testng.SuiteRunner.runTest(SuiteRunner.java:443)\n\tat org.testng.SuiteRunner.runSequentially(SuiteRunner.java:437)\n\tat org.testng.SuiteRunner.privateRun(SuiteRunner.java:397)\n\tat org.testng.SuiteRunner.run(SuiteRunner.java:336)\n\tat org.testng.SuiteRunnerWorker.runSuite(SuiteRunnerWorker.java:52)\n\tat org.testng.SuiteRunnerWorker.run(SuiteRunnerWorker.java:95)\n\tat org.testng.TestNG.runSuitesSequentially(TestNG.java:1280)\n\tat org.testng.TestNG.runSuitesLocally(TestNG.java:1200)\n\tat org.testng.TestNG.runSuites(TestNG.java:1114)\n\tat org.testng.TestNG.run(TestNG.java:1082)\n\tat org.apache.maven.surefire.testng.TestNGExecutor.run(TestNGExecutor.java:155)\n\tat org.apache.maven.surefire.testng.TestNGDirectoryTestSuite.executeSingleClass(TestNGDirectoryTestSuite.java:102)\n\tat org.apache.maven.surefire.testng.TestNGDirectoryTestSuite.execute(TestNGDirectoryTestSuite.java:91)\n\tat org.apache.maven.surefire.testng.TestNGProvider.invoke(TestNGProvider.java:137)\n\tat org.apache.maven.surefire.booter.ForkedBooter.runSuitesInProcess(ForkedBooter.java:385)\n\tat org.apache.maven.surefire.booter.ForkedBooter.execute(ForkedBooter.java:162)\n\tat org.apache.maven.surefire.booter.ForkedBooter.run(ForkedBooter.java:507)\n\tat org.apache.maven.surefire.booter.ForkedBooter.main(ForkedBooter.java:495)\nCaused by: org.openqa.selenium.WebDriverException: Driver server process died prematurely.\nBuild info: version: '4.18.1', revision: 'b1d3319b48'\nSystem info: os.name: 'Linux', os.arch: 'aarch64', os.version: '6.1.21-v8+', java.version: '17.0.14'\nDriver info: driver.version: ChromeDriver\n\tat org.openqa.selenium.remote.service.DriverService.start(DriverService.java:246)\n\tat org.openqa.selenium.remote.service.DriverCommandExecutor.execute(DriverCommandExecutor.java:117)\n\tat org.openqa.selenium.remote.RemoteWebDriver.execute(RemoteWebDriver.java:519)\n\t... 61 more\n","duration":8216898697,"status":"failed"},"match":{"location":"steps.Hook.InitializeTest(io.cucumber.java.Scenario)"}}],"line":4,"name":"Login with correct username and password","description":"","id":"loginfeature;login-with-correct-username-and-password","after":[{"result":{"duration":12016246,"status":"passed"},"match":{"location":"steps.Hook.TearDownTest(io.cucumber.java.Scenario)"}}],"type":"scenario","keyword":"Scenario","steps":[{"result":{"duration":1456348,"status":"skipped"},"before":[{"result":{"duration":1910147,"status":"skipped"},"match":{"location":"steps.Hook.BeforeEveryStep(io.cucumber.java.Scenario)"}}],"line":5,"name":"I navigate to the login page","match":{"location":"steps.LoginStep.iNavigateToTheLoginPage()"},"after":[{"result":{"duration":1981241,"status":"skipped"},"match":{"location":"steps.Hook.AfterEveryStep(io.cucumber.java.Scenario)"}}],"keyword":"Given "},{"result":{"duration":1462962,"status":"skipped"},"before":[{"result":{"duration":1791085,"status":"skipped"},"match":{"location":"steps.Hook.BeforeEveryStep(io.cucumber.java.Scenario)"}}],"line":6,"name":"I enter the following for Login","match":{"location":"steps.LoginStep.iEnterTheFollowingForLogin(java.util.List<steps.LoginStep$User>)"},"after":[{"result":{"duration":5332476,"status":"skipped"},"match":{"location":"steps.Hook.AfterEveryStep(io.cucumber.java.Scenario)"}}],"rows":[{"cells":["username","password"]},{"cells":["admin","adminpassword"]}],"keyword":"And "},{"result":{"duration":1524993,"status":"skipped"},"before":[{"result":{"duration":2429312,"status":"skipped"},"match":{"location":"steps.Hook.BeforeEveryStep(io.cucumber.java.Scenario)"}}],"line":9,"name":"I click login button","match":{"location":"steps.LoginStep.iClickLoginButton()"},"after":[{"result":{"duration":1530254,"status":"skipped"},"match":{"location":"steps.Hook.AfterEveryStep(io.cucumber.java.Scenario)"}}],"keyword":"And "},{"result":{"duration":1424837,"status":"skipped"},"before":[{"result":{"duration":1563587,"status":"skipped"},"match":{"location":"steps.Hook.BeforeEveryStep(io.cucumber.java.Scenario)"}}],"line":10,"name":"I should see the userform page","match":{"location":"steps.LoginStep.iShouldSeeTheUserformPage()"},"after":[{"result":{"duration":1622024,"status":"skipped"},"match":{"location":"steps.Hook.AfterEveryStep(io.cucumber.java.Scenario)"}}],"keyword":"Then "}]},{"start_timestamp":"2025-05-05T20:30:52.641Z","before":[{"result":{"error_message":"java.lang.RuntimeException: Falha ao iniciar o ChromeDriver. Verifique compatibilidade e instalação do navegador.\n\tat steps.Hook.InitializeTest(Hook.java:45)\nCaused by: org.openqa.selenium.SessionNotCreatedException: Could not start a new session. Possible causes are invalid address of the remote server or browser start-up failure. \nHost info: host: 'rasp2', ip: '192.168.0.220'\n\tat org.openqa.selenium.remote.RemoteWebDriver.execute(RemoteWebDriver.java:537)\n\tat org.openqa.selenium.remote.RemoteWebDriver.startSession(RemoteWebDriver.java:233)\n\tat org.openqa.selenium.remote.RemoteWebDriver.<init>(RemoteWebDriver.java:162)\n\tat org.openqa.selenium.chromium.ChromiumDriver.<init>(ChromiumDriver.java:114)\n\tat org.openqa.selenium.chrome.ChromeDriver.<init>(ChromeDriver.java:89)\n\tat org.openqa.selenium.chrome.ChromeDriver.<init>(ChromeDriver.java:84)\n\tat org.openqa.selenium.chrome.ChromeDriver.<init>(ChromeDriver.java:73)\n\tat steps.Hook.InitializeTest(Hook.java:42)\n\tat java.base/jdk.internal.reflect.NativeMethodAccessorImpl.invoke0(Native Method)\n\tat java.base/jdk.internal.reflect.NativeMethodAccessorImpl.invoke(NativeMethodAccessorImpl.java:77)\n\tat java.base/jdk.internal.reflect.DelegatingMethodAccessorImpl.invoke(DelegatingMethodAccessorImpl.java:43)\n\tat java.base/java.lang.reflect.Method.invoke(Method.java:569)\n\tat io.cucumber.java.Invoker.doInvoke(Invoker.java:66)\n\tat io.cucumber.java.Invoker.invoke(Invoker.java:24)\n\tat io.cucumber.java.AbstractGlueDefinition.invokeMethod(AbstractGlueDefinition.java:47)\n\tat io.cucumber.java.JavaHookDefinition.execute(JavaHookDefinition.java:64)\n\tat io.cucumber.core.runner.CoreHookDefinition.execute(CoreHookDefinition.java:46)\n\tat io.cucumber.core.runner.HookDefinitionMatch.runStep(HookDefinitionMatch.java:21)\n\tat io.cucumber.core.runner.ExecutionMode$1.execute(ExecutionMode.java:10)\n\tat io.cucumber.core.runner.TestStep.executeStep(TestStep.java:84)\n\tat io.cucumber.core.runner.TestStep.run(TestStep.java:56)\n\tat io.cucumber.core.runner.TestCase.run(TestCase.java:78)\n\tat io.cucumber.core.runner.Runner.runPickle(Runner.java:75)\n\tat io.cucumber.testng.TestNGCucumberRunner.lambda$runScenario$1(TestNGCucumberRunner.java:132)\n\tat io.cucumber.core.runtime.CucumberExecutionContext.lambda$runTestCase$5(CucumberExecutionContext.java:137)\n\tat io.cucumber.core.runtime.RethrowingThrowableCollector.executeAndThrow(RethrowingThrowableCollector.java:23)\n\tat io.cucumber.core.runtime.CucumberExecutionContext.runTestCase(CucumberExecutionContext.java:137)\n\tat io.cucumber.testng.TestNGCucumberRunner.runScenario(TestNGCucumberRunner.java:129)\n\tat io.cucumber.testng.AbstractTestNGCucumberTests.runScenario(AbstractTestNGCucumberTests.java:35)\n\tat java.base/jdk.internal.reflect.NativeMethodAccessorImpl.invoke0(Native Method)\n\tat java.base/jdk.internal.reflect.NativeMethodAccessorImpl.invoke(NativeMethodAccessorImpl.java:77)\n\tat java.base/jdk.internal.reflect.DelegatingMethodAccessorImpl.invoke(DelegatingMethodAccessorImpl.java:43)\n\tat java.base/java.lang.reflect.Method.invoke(Method.java:569)\n\tat org.testng.internal.invokers.MethodInvocationHelper.invokeMethod(MethodInvocationHelper.java:139)\n\tat org.testng.internal.invokers.TestInvoker.invokeMethod(TestInvoker.java:664)\n\tat org.testng.internal.invokers.TestInvoker.invokeTestMethod(TestInvoker.java:227)\n\tat org.testng.internal.invokers.MethodRunner.runInSequence(MethodRunner.java:50)\n\tat org.testng.internal.invokers.TestInvoker$MethodInvocationAgent.invoke(TestInvoker.java:957)\n\tat org.testng.internal.invokers.TestInvoker.invokeTestMethods(TestInvoker.java:200)\n\tat org.testng.internal.invokers.TestMethodWorker.invokeTestMethods(TestMethodWorker.java:148)\n\tat org.testng.internal.invokers.TestMethodWorker.run(TestMethodWorker.java:128)\n\tat java.base/java.util.ArrayList.forEach(ArrayList.java:1511)\n\tat org.testng.TestRunner.privateRun(TestRunner.java:848)\n\tat org.testng.TestRunner.run(TestRunner.java:621)\n\tat org.testng.SuiteRunner.runTest(SuiteRunner.java:443)\n\tat org.testng.SuiteRunner.runSequentially(SuiteRunner.java:437)\n\tat org.testng.SuiteRunner.privateRun(SuiteRunner.java:397)\n\tat org.testng.SuiteRunner.run(SuiteRunner.java:336)\n\tat org.testng.SuiteRunnerWorker.runSuite(SuiteRunnerWorker.java:52)\n\tat org.testng.SuiteRunnerWorker.run(SuiteRunnerWorker.java:95)\n\tat org.testng.TestNG.runSuitesSequentially(TestNG.java:1280)\n\tat org.testng.TestNG.runSuitesLocally(TestNG.java:1200)\n\tat org.testng.TestNG.runSuites(TestNG.java:1114)\n\tat org.testng.TestNG.run(TestNG.java:1082)\n\tat org.apache.maven.surefire.testng.TestNGExecutor.run(TestNGExecutor.java:155)\n\tat org.apache.maven.surefire.testng.TestNGDirectoryTestSuite.executeSingleClass(TestNGDirectoryTestSuite.java:102)\n\tat org.apache.maven.surefire.testng.TestNGDirectoryTestSuite.execute(TestNGDirectoryTestSuite.java:91)\n\tat org.apache.maven.surefire.testng.TestNGProvider.invoke(TestNGProvider.java:137)\n\tat org.apache.maven.surefire.booter.ForkedBooter.runSuitesInProcess(ForkedBooter.java:385)\n\tat org.apache.maven.surefire.booter.ForkedBooter.execute(ForkedBooter.java:162)\n\tat org.apache.maven.surefire.booter.ForkedBooter.run(ForkedBooter.java:507)\n\tat org.apache.maven.surefire.booter.ForkedBooter.main(ForkedBooter.java:495)\nCaused by: org.openqa.selenium.WebDriverException: Driver server process died prematurely.\nBuild info: version: '4.18.1', revision: 'b1d3319b48'\nSystem info: os.name: 'Linux', os.arch: 'aarch64', os.version: '6.1.21-v8+', java.version: '17.0.14'\nDriver info: driver.version: ChromeDriver\n\tat org.openqa.selenium.remote.service.DriverService.start(DriverService.java:246)\n\tat org.openqa.selenium.remote.service.DriverCommandExecutor.execute(DriverCommandExecutor.java:117)\n\tat org.openqa.selenium.remote.RemoteWebDriver.execute(RemoteWebDriver.java:519)\n\t... 61 more\n","duration":647092662,"status":"failed"},"match":{"location":"steps.Hook.InitializeTest(io.cucumber.java.Scenario)"}}],"line":12,"name":"Login with incorrect credentials","description":"","id":"loginfeature;login-with-incorrect-credentials","after":[{"result":{"duration":2792122,"status":"passed"},"match":{"location":"steps.Hook.TearDownTest(io.cucumber.java.Scenario)"}}],"type":"scenario","keyword":"Scenario","steps":[{"result":{"duration":1594159,"status":"skipped"},"before":[{"result":{"duration":8295951,"status":"skipped"},"match":{"location":"steps.Hook.BeforeEveryStep(io.cucumber.java.Scenario)"}}],"line":13,"name":"I navigate to the login page","match":{"location":"steps.LoginStep.iNavigateToTheLoginPage()"},"after":[{"result":{"duration":1973064,"status":"skipped"},"match":{"location":"steps.Hook.AfterEveryStep(io.cucumber.java.Scenario)"}}],"keyword":"Given "},{"result":{"duration":1482753,"status":"skipped"},"before":[{"result":{"duration":2113792,"status":"skipped"},"match":{"location":"steps.Hook.BeforeEveryStep(io.cucumber.java.Scenario)"}}],"line":14,"name":"I enter the following for Login","match":{"location":"steps.LoginStep.iEnterTheFollowingForLogin(java.util.List<steps.LoginStep$User>)"},"after":[{"result":{"duration":1837596,"status":"skipped"},"match":{"location":"steps.Hook.AfterEveryStep(io.cucumber.java.Scenario)"}}],"rows":[{"cells":["username","password"]},{"cells":["admin","wrongpassword"]}],"keyword":"And "},{"result":{"duration":1424681,"status":"skipped"},"before":[{"result":{"duration":1926137,"status":"skipped"},"match":{"location":"steps.Hook.BeforeEveryStep(io.cucumber.java.Scenario)"}}],"line":17,"name":"I click login button","match":{"location":"steps.LoginStep.iClickLoginButton()"},"after":[{"result":{"duration":1339212,"status":"skipped"},"match":{"location":"steps.Hook.AfterEveryStep(io.cucumber.java.Scenario)"}}],"keyword":"And "},{"result":{"duration":1384473,"status":"skipped"},"before":[{"result":{"duration":1789628,"status":"skipped"},"match":{"location":"steps.Hook.BeforeEveryStep(io.cucumber.java.Scenario)"}}],"line":18,"name":"I should see an error message","match":{},"after":[{"result":{"duration":1884731,"status":"skipped"},"match":{"location":"steps.Hook.AfterEveryStep(io.cucumber.java.Scenario)"}}],"keyword":"Then "}]}],"name":"LoginFeature","description":"  This feature verifies the login functionality of the application","id":"loginfeature","keyword":"Feature","uri":"file:src/test/resources/features/Login.feature","tags":[]}]